<?xml version="1.0" encoding="UTF-8"?>
<!-- Generated by org.testng.reporters.JUnitReportReporter -->
<testsuite hostname="HP" failures="0" tests="6" name="vTiger.TestNG.InvoctionCountTestNG" time="0.036" errors="0" timestamp="2022-11-03T09:39:50 IST" skipped="0">
  <testcase classname="vTiger.TestNG.InvoctionCountTestNG" name="createCustomer" time="0.006"/>
  <system-out/>
  <testcase classname="vTiger.TestNG.InvoctionCountTestNG" name="createCustomer" time="0.018"/>
  <system-out/>
  <testcase classname="vTiger.TestNG.InvoctionCountTestNG" name="createCustomer" time="0.003"/>
  <system-out/>
  <testcase classname="vTiger.TestNG.InvoctionCountTestNG" name="modifyCustomer" time="0.002"/>
  <system-out/>
  <testcase classname="vTiger.TestNG.InvoctionCountTestNG" name="modifyCustomer" time="0.003"/>
  <system-out/>
  <testcase classname="vTiger.TestNG.InvoctionCountTestNG" name="deleteCustomer" time="0.004"/>
  <system-out/>
</testsuite> <!-- vTiger.TestNG.InvoctionCountTestNG -->
