<?xml version="1.0" encoding="UTF-8"?>
<!-- Generated by org.testng.reporters.JUnitReportReporter -->
<testsuite hostname="HP" failures="0" tests="1" name="vTiger.Practice.BaseClassPracticeAnnotations" time="0.013" errors="0" timestamp="2022-11-05T09:50:19 IST" skipped="0">
  <testcase classname="vTiger.Practice.BaseClassPracticeAnnotations" name="test1" time="0.013"/>
  <system-out/>
</testsuite> <!-- vTiger.Practice.BaseClassPracticeAnnotations -->
