<?xml version="1.0" encoding="UTF-8"?>
<!-- Generated by org.testng.reporters.JUnitReportReporter -->
<testsuite hostname="HP" failures="0" tests="1" name="vTiger.Practice.BaseClassPractice" time="0.012" errors="0" timestamp="2022-11-05T09:46:28 IST" skipped="0">
  <testcase classname="vTiger.Practice.BaseClassPractice" name="test1" time="0.012"/>
  <system-out/>
</testsuite> <!-- vTiger.Practice.BaseClassPractice -->
