<?xml version="1.0" encoding="UTF-8"?>
<!-- Generated by org.testng.reporters.JUnitReportReporter -->
<testsuite hostname="HP" failures="0" tests="1" name="vTiger.OrganizationTests.CreateNewOrganizationTestPOM" time="29.350" errors="0" timestamp="2022-11-08T09:27:14 IST" skipped="0">
  <testcase classname="vTiger.OrganizationTests.CreateNewOrganizationTestPOM" name="CreateNewOrganizationTestPOMClass" time="29.350"/>
  <system-out/>
</testsuite> <!-- vTiger.OrganizationTests.CreateNewOrganizationTestPOM -->
