<?xml version="1.0" encoding="UTF-8"?>
<!-- Generated by org.testng.reporters.JUnitReportReporter -->
<testsuite hostname="HP" failures="0" tests="3" name="vTiger.TestNG.DataProviderTestNG" time="0.031" errors="0" timestamp="2022-11-03T22:43:07 IST" skipped="0">
  <testcase classname="vTiger.TestNG.DataProviderTestNG" name="addProductToCartTest" time="0.005"/>
  <system-out/>
  <testcase classname="vTiger.TestNG.DataProviderTestNG" name="addProductToCartTest" time="0.012"/>
  <system-out/>
  <testcase classname="vTiger.TestNG.DataProviderTestNG" name="addProductToCartTest" time="0.014"/>
  <system-out/>
</testsuite> <!-- vTiger.TestNG.DataProviderTestNG -->
