<?xml version="1.0" encoding="UTF-8"?>
<!-- Generated by org.testng.reporters.JUnitReportReporter -->
<testsuite hostname="HP" failures="0" tests="3" name="vTiger.TestNG.TestNGPractice" time="0.029" errors="0" timestamp="2022-11-03T09:32:10 IST" skipped="0">
  <testcase classname="vTiger.TestNG.TestNGPractice" name="modifyCustomer" time="0.006"/>
  <system-out/>
  <testcase classname="vTiger.TestNG.TestNGPractice" name="createCustomer" time="0.015"/>
  <system-out/>
  <testcase classname="vTiger.TestNG.TestNGPractice" name="deleteCustomer" time="0.008"/>
  <system-out/>
</testsuite> <!-- vTiger.TestNG.TestNGPractice -->
