<?xml version="1.0" encoding="UTF-8"?>
<!-- Generated by org.testng.reporters.JUnitReportReporter -->
<testsuite hostname="HP" failures="0" tests="1" name="vTiger.Practice.ReadDataFromCmdLineTest" time="0.014" errors="0" timestamp="2022-11-25T13:22:54 IST" skipped="0">
  <testcase classname="vTiger.Practice.ReadDataFromCmdLineTest" name="readData" time="0.014"/>
  <system-out/>
</testsuite> <!-- vTiger.Practice.ReadDataFromCmdLineTest -->
