<?xml version="1.0" encoding="UTF-8"?>
<!-- Generated by org.testng.reporters.JUnitReportReporter -->
<testsuite hostname="HP" failures="0" tests="1" name="vTiger.ContactsTests.CreateContactTestNGTest" time="90.037" errors="0" timestamp="2022-11-05T09:39:53 IST" skipped="0">
  <testcase classname="vTiger.ContactsTests.CreateContactTestNGTest" name="CreateContactTestNG_Test" time="90.037"/>
  <system-out/>
</testsuite> <!-- vTiger.ContactsTests.CreateContactTestNGTest -->
