<?xml version="1.0" encoding="UTF-8"?>
<!-- Generated by org.testng.reporters.JUnitReportReporter -->
<testsuite hostname="HP" failures="0" tests="2" name="vTiger.ContactsTests.CreateContactTestPOM" time="120.238" errors="0" timestamp="2022-11-09T10:05:03 IST" skipped="0">
  <testcase classname="vTiger.ContactsTests.CreateContactTestPOM" name="CreateContactTestPOMClass" time="56.083"/>
  <system-out/>
  <testcase classname="vTiger.ContactsTests.CreateContactTestPOM" name="CreateContactTestPOMClass" time="64.155"/>
  <system-out/>
</testsuite> <!-- vTiger.ContactsTests.CreateContactTestPOM -->
