<?xml version="1.0" encoding="UTF-8"?>
<!-- Generated by org.testng.reporters.JUnitReportReporter -->
<testsuite hostname="HP" failures="0" tests="3" name="vTiger.TestNG.NegativePriorityTestNg" time="0.025" errors="0" timestamp="2022-11-03T09:36:46 IST" skipped="0">
  <testcase classname="vTiger.TestNG.NegativePriorityTestNg" name="createCustomer" time="0.017"/>
  <system-out/>
  <testcase classname="vTiger.TestNG.NegativePriorityTestNg" name="deleteCustomer" time="0.005"/>
  <system-out/>
  <testcase classname="vTiger.TestNG.NegativePriorityTestNg" name="modifyCustomer" time="0.003"/>
  <system-out/>
</testsuite> <!-- vTiger.TestNG.NegativePriorityTestNg -->
