<?xml version="1.0" encoding="UTF-8"?>
<!-- Generated by org.testng.reporters.JUnitReportReporter -->
<testsuite hostname="HP" failures="0" tests="3" name="vTiger.TestNG.PriorityTestNG" time="0.024" errors="0" timestamp="2022-11-03T09:34:13 IST" skipped="0">
  <testcase classname="vTiger.TestNG.PriorityTestNG" name="createCustomer" time="0.016"/>
  <system-out/>
  <testcase classname="vTiger.TestNG.PriorityTestNG" name="modifyCustomer" time="0.004"/>
  <system-out/>
  <testcase classname="vTiger.TestNG.PriorityTestNG" name="deleteCustomer" time="0.004"/>
  <system-out/>
</testsuite> <!-- vTiger.TestNG.PriorityTestNG -->
