<?xml version="1.0" encoding="UTF-8"?>
<!-- Generated by org.testng.reporters.JUnitReportReporter -->
<testsuite hostname="HP" failures="0" tests="1" name="vTiger.OrganizationTests.CreateOrganizationUsingBaseClass" time="35.076" errors="0" timestamp="2022-11-16T09:57:59 IST" skipped="0">
  <testcase classname="vTiger.OrganizationTests.CreateOrganizationUsingBaseClass" name="CreateNewOrganizationUsingBaseClass" time="35.076"/>
  <system-out>
    <![CDATA[Organizations link clicked
create organization look up image is clicked
Organization created successfully]]>
  </system-out>
</testsuite> <!-- vTiger.OrganizationTests.CreateOrganizationUsingBaseClass -->
